This is pdfTeX, Version 3.14159265-2.6-1.40.18 (MiKTeX 2.9.6350 64-bit) (preloaded format=pdflatex 2017.8.29)  25 MAY 2018 18:44
entering extended mode
**"./ANGELES - Thesis.tex"
("ANGELES - Thesis.tex"
LaTeX2e <2017-04-15>
Babel <3.10> and hyphenation patterns for 75 language(s) loaded.
("C:\Program Files\MiKTeX 2.9\tex\latex\base\article.cls"
Document Class: article 2014/09/29 v1.4h Standard LaTeX document class
("C:\Program Files\MiKTeX 2.9\tex\latex\base\size11.clo"
File: size11.clo 2014/09/29 v1.4h Standard LaTeX file (size option)
)
\c@part=\count79
\c@section=\count80
\c@subsection=\count81
\c@subsubsection=\count82
\c@paragraph=\count83
\c@subparagraph=\count84
\c@figure=\count85
\c@table=\count86
\abovecaptionskip=\skip41
\belowcaptionskip=\skip42
\bibindent=\dimen102
)
("C:\Program Files\MiKTeX 2.9\tex\latex\geometry\geometry.sty"
Package: geometry 2010/09/12 v5.6 Page Geometry

("C:\Program Files\MiKTeX 2.9\tex\latex\graphics\keyval.sty"
Package: keyval 2014/10/28 v1.15 key=value parser (DPC)
\KV@toks@=\toks14
)
("C:\Program Files\MiKTeX 2.9\tex\generic\oberdiek\ifpdf.sty"
Package: ifpdf 2017/03/15 v3.2 Provides the ifpdf switch
)
("C:\Program Files\MiKTeX 2.9\tex\generic\oberdiek\ifvtex.sty"
Package: ifvtex 2016/05/16 v1.6 Detect VTeX and its facilities (HO)
Package ifvtex Info: VTeX not detected.
)
("C:\Program Files\MiKTeX 2.9\tex\generic\ifxetex\ifxetex.sty"
Package: ifxetex 2010/09/12 v0.6 Provides ifxetex conditional
)
\Gm@cnth=\count87
\Gm@cntv=\count88
\c@Gm@tempcnt=\count89
\Gm@bindingoffset=\dimen103
\Gm@wd@mp=\dimen104
\Gm@odd@mp=\dimen105
\Gm@even@mp=\dimen106
\Gm@layoutwidth=\dimen107
\Gm@layoutheight=\dimen108
\Gm@layouthoffset=\dimen109
\Gm@layoutvoffset=\dimen110
\Gm@dimlist=\toks15

("C:\Program Files\MiKTeX 2.9\tex\latex\geometry\geometry.cfg"))
("C:\Program Files\MiKTeX 2.9\tex\latex\url\url.sty"
\Urlmuskip=\muskip10
Package: url 2013/09/16  ver 3.4  Verb mode for urls, etc.
)
("C:\Program Files\MiKTeX 2.9\tex\latex\setspace\setspace.sty"
Package: setspace 2011/12/19 v6.7a set line spacing
)
("C:\Program Files\MiKTeX 2.9\tex\latex\listings\listings.sty"
\lst@mode=\count90
\lst@gtempboxa=\box26
\lst@token=\toks16
\lst@length=\count91
\lst@currlwidth=\dimen111
\lst@column=\count92
\lst@pos=\count93
\lst@lostspace=\dimen112
\lst@width=\dimen113
\lst@newlines=\count94
\lst@lineno=\count95
\lst@maxwidth=\dimen114

("C:\Program Files\MiKTeX 2.9\tex\latex\listings\lstmisc.sty"
File: lstmisc.sty 2015/06/04 1.6 (Carsten Heinz)
\c@lstnumber=\count96
\lst@skipnumbers=\count97
\lst@framebox=\box27
)
("C:\Program Files\MiKTeX 2.9\tex\latex\listings\listings.cfg"
File: listings.cfg 2015/06/04 1.6 listings configuration
))
Package: listings 2015/06/04 1.6 (Carsten Heinz)

("C:\Program Files\MiKTeX 2.9\tex\latex\tools\multicol.sty"
Package: multicol 2017/04/11 v1.8q multicolumn formatting (FMi)
\c@tracingmulticols=\count98
\mult@box=\box28
\multicol@leftmargin=\dimen115
\c@unbalance=\count99
\c@collectmore=\count100
\doublecol@number=\count101
\multicoltolerance=\count102
\multicolpretolerance=\count103
\full@width=\dimen116
\page@free=\dimen117
\premulticols=\dimen118
\postmulticols=\dimen119
\multicolsep=\skip43
\multicolbaselineskip=\skip44
\partial@page=\box29
\last@line=\box30
\maxbalancingoverflow=\dimen120
\mult@rightbox=\box31
\mult@grightbox=\box32
\mult@gfirstbox=\box33
\mult@firstbox=\box34
\@tempa=\box35
\@tempa=\box36
\@tempa=\box37
\@tempa=\box38
\@tempa=\box39
\@tempa=\box40
\@tempa=\box41
\@tempa=\box42
\@tempa=\box43
\@tempa=\box44
\@tempa=\box45
\@tempa=\box46
\@tempa=\box47
\@tempa=\box48
\@tempa=\box49
\@tempa=\box50
\@tempa=\box51
\c@columnbadness=\count104
\c@finalcolumnbadness=\count105
\last@try=\dimen121
\multicolovershoot=\dimen122
\multicolundershoot=\dimen123
\mult@nat@firstbox=\box52
\colbreak@box=\box53
\mc@col@check@num=\count106
)
("C:\Program Files\MiKTeX 2.9\tex\latex\authoraftertitle\authoraftertitle.sty"
Package: authoraftertitle 2006/10/14 v0.9 package for Author after Titlepage
) ("C:\Program Files\MiKTeX 2.9\tex\latex\graphics\graphicx.sty"
Package: graphicx 2014/10/28 v1.0g Enhanced LaTeX Graphics (DPC,SPQR)

("C:\Program Files\MiKTeX 2.9\tex\latex\graphics\graphics.sty"
Package: graphics 2017/04/14 v1.1b Standard LaTeX Graphics (DPC,SPQR)

("C:\Program Files\MiKTeX 2.9\tex\latex\graphics\trig.sty"
Package: trig 2016/01/03 v1.10 sin cos tan (DPC)
)
("C:\Program Files\MiKTeX 2.9\tex\latex\graphics-cfg\graphics.cfg"
File: graphics.cfg 2016/06/04 v1.11 sample graphics configuration
)
Package graphics Info: Driver file: pdftex.def on input line 99.

("C:\Program Files\MiKTeX 2.9\tex\latex\graphics-def\pdftex.def"
File: pdftex.def 2017/01/12 v0.06k Graphics/color for pdfTeX

("C:\Program Files\MiKTeX 2.9\tex\generic\oberdiek\infwarerr.sty"
Package: infwarerr 2016/05/16 v1.4 Providing info/warning/error messages (HO)
)
("C:\Program Files\MiKTeX 2.9\tex\generic\oberdiek\ltxcmds.sty"
Package: ltxcmds 2016/05/16 v1.23 LaTeX kernel commands for general use (HO)
)
\Gread@gobject=\count107
))
\Gin@req@height=\dimen124
\Gin@req@width=\dimen125
)
("C:\Program Files\MiKTeX 2.9\tex\latex\tools\array.sty"
Package: array 2016/10/06 v2.4d Tabular extension package (FMi)
\col@sep=\dimen126
\extrarowheight=\dimen127
\NC@list=\toks17
\extratabsurround=\skip45
\backup@length=\skip46
)
("C:\Program Files\MiKTeX 2.9\tex\latex\xcolor\xcolor.sty"
Package: xcolor 2016/05/11 v2.12 LaTeX color extensions (UK)

("C:\Program Files\MiKTeX 2.9\tex\latex\graphics-cfg\color.cfg"
File: color.cfg 2016/01/02 v1.6 sample color configuration
)
Package xcolor Info: Driver file: pdftex.def on input line 225.

("C:\Program Files\MiKTeX 2.9\tex\latex\colortbl\colortbl.sty"
Package: colortbl 2012/02/13 v1.0a Color table columns (DPC)
\everycr=\toks18
\minrowclearance=\skip47
)
\rownum=\count108
Package xcolor Info: Model `cmy' substituted by `cmy0' on input line 1348.
Package xcolor Info: Model `hsb' substituted by `rgb' on input line 1352.
Package xcolor Info: Model `RGB' extended on input line 1364.
Package xcolor Info: Model `HTML' substituted by `rgb' on input line 1366.
Package xcolor Info: Model `Hsb' substituted by `hsb' on input line 1367.
Package xcolor Info: Model `tHsb' substituted by `hsb' on input line 1368.
Package xcolor Info: Model `HSB' substituted by `hsb' on input line 1369.
Package xcolor Info: Model `Gray' substituted by `gray' on input line 1370.
Package xcolor Info: Model `wave' substituted by `hsb' on input line 1371.
)
("C:\Program Files\MiKTeX 2.9\tex\latex\tocbibind\tocbibind.sty"
Package: tocbibind 2010/10/13 v1.5k extra ToC listings
Package tocbibind Info: The document has section divisions on input line 50.


Package tocbibind Note: Using section or other style headings.

) ("C:\Program Files\MiKTeX 2.9\tex\latex\tocloft\tocloft.sty"
Package: tocloft 2017/08/31 v2.3i parameterised ToC, etc., typesetting
Package tocloft Info: The document has section divisions on input line 51.
\cftparskip=\skip48
\cftbeforetoctitleskip=\skip49
\cftaftertoctitleskip=\skip50
\cftbeforepartskip=\skip51
\cftpartnumwidth=\skip52
\cftpartindent=\skip53
\cftbeforesecskip=\skip54
\cftsecindent=\skip55
\cftsecnumwidth=\skip56
\cftbeforesubsecskip=\skip57
\cftsubsecindent=\skip58
\cftsubsecnumwidth=\skip59
\cftbeforesubsubsecskip=\skip60
\cftsubsubsecindent=\skip61
\cftsubsubsecnumwidth=\skip62
\cftbeforeparaskip=\skip63
\cftparaindent=\skip64
\cftparanumwidth=\skip65
\cftbeforesubparaskip=\skip66
\cftsubparaindent=\skip67
\cftsubparanumwidth=\skip68
\cftbeforeloftitleskip=\skip69
\cftafterloftitleskip=\skip70
\cftbeforefigskip=\skip71
\cftfigindent=\skip72
\cftfignumwidth=\skip73
\c@lofdepth=\count109
\c@lotdepth=\count110
\cftbeforelottitleskip=\skip74
\cftafterlottitleskip=\skip75
\cftbeforetabskip=\skip76
\cfttabindent=\skip77
\cfttabnumwidth=\skip78
)
("ANGELES - Thesis.aux")
\openout1 = `"ANGELES - Thesis.aux"'.

LaTeX Font Info:    Checking defaults for OML/cmm/m/it on input line 32.
LaTeX Font Info:    ... okay on input line 32.
LaTeX Font Info:    Checking defaults for T1/cmr/m/n on input line 32.
LaTeX Font Info:    ... okay on input line 32.
LaTeX Font Info:    Checking defaults for OT1/cmr/m/n on input line 32.
LaTeX Font Info:    ... okay on input line 32.
LaTeX Font Info:    Checking defaults for OMS/cmsy/m/n on input line 32.
LaTeX Font Info:    ... okay on input line 32.
LaTeX Font Info:    Checking defaults for OMX/cmex/m/n on input line 32.
LaTeX Font Info:    ... okay on input line 32.
LaTeX Font Info:    Checking defaults for U/cmr/m/n on input line 32.
LaTeX Font Info:    ... okay on input line 32.

*geometry* driver: auto-detecting
*geometry* detected driver: pdftex
*geometry* verbose mode - [ preamble ] result:
* driver: pdftex
* paper: a4paper
* layout: <same size as paper>
* layoutoffset:(h,v)=(0.0pt,0.0pt)
* modes: 
* h-part:(L,W,R)=(108.405pt, 416.83289pt, 72.26999pt)
* v-part:(T,H,B)=(72.26999pt, 700.50687pt, 72.26999pt)
* \paperwidth=597.50787pt
* \paperheight=845.04684pt
* \textwidth=416.83289pt
* \textheight=700.50687pt
* \oddsidemargin=36.13501pt
* \evensidemargin=36.13501pt
* \topmargin=-37.0pt
* \headheight=12.0pt
* \headsep=25.0pt
* \topskip=11.0pt
* \footskip=30.0pt
* \marginparwidth=50.0pt
* \marginparsep=10.0pt
* \columnsep=10.0pt
* \skip\footins=10.0pt plus 4.0pt minus 2.0pt
* \hoffset=0.0pt
* \voffset=0.0pt
* \mag=1000
* \@twocolumnfalse
* \@twosidefalse
* \@mparswitchfalse
* \@reversemarginfalse
* (1in=72.27pt=25.4mm, 1cm=28.453pt)

\c@lstlisting=\count111
("C:\Program Files\MiKTeX 2.9\tex\context\base\supp-pdf.mkii"
[Loading MPS to PDF converter (version 2006.09.02).]
\scratchcounter=\count112
\scratchdimen=\dimen128
\scratchbox=\box54
\nofMPsegments=\count113
\nofMParguments=\count114
\everyMPshowfont=\toks19
\MPscratchCnt=\count115
\MPscratchDim=\dimen129
\MPnumerator=\count116
\makeMPintoPDFobject=\count117
\everyMPtoPDFconversion=\toks20
) ("C:\Program Files\MiKTeX 2.9\tex\generic\oberdiek\pdftexcmds.sty"
Package: pdftexcmds 2017/03/19 v0.25 Utility functions of pdfTeX for LuaTeX (HO
)

("C:\Program Files\MiKTeX 2.9\tex\generic\oberdiek\ifluatex.sty"
Package: ifluatex 2016/05/16 v1.4 Provides the ifluatex switch (HO)
Package ifluatex Info: LuaTeX not detected.
)
Package pdftexcmds Info: LuaTeX not detected.
Package pdftexcmds Info: \pdf@primitive is available.
Package pdftexcmds Info: \pdf@ifprimitive is available.
Package pdftexcmds Info: \pdfdraftmode found.
)
("C:\Program Files\MiKTeX 2.9\tex\latex\oberdiek\epstopdf-base.sty"
Package: epstopdf-base 2016/05/15 v2.6 Base part for package epstopdf

("C:\Program Files\MiKTeX 2.9\tex\latex\oberdiek\grfext.sty"
Package: grfext 2016/05/16 v1.2 Manage graphics extensions (HO)

("C:\Program Files\MiKTeX 2.9\tex\generic\oberdiek\kvdefinekeys.sty"
Package: kvdefinekeys 2016/05/16 v1.4 Define keys (HO)
))
("C:\Program Files\MiKTeX 2.9\tex\latex\oberdiek\kvoptions.sty"
Package: kvoptions 2016/05/16 v3.12 Key value format for package options (HO)

("C:\Program Files\MiKTeX 2.9\tex\generic\oberdiek\kvsetkeys.sty"
Package: kvsetkeys 2016/05/16 v1.17 Key value parser (HO)

("C:\Program Files\MiKTeX 2.9\tex\generic\oberdiek\etexcmds.sty"
Package: etexcmds 2016/05/16 v1.6 Avoid name clashes with e-TeX commands (HO)
Package etexcmds Info: Could not find \expanded.
(etexcmds)             That can mean that you are not using pdfTeX 1.50 or
(etexcmds)             that some package has redefined \expanded.
(etexcmds)             In the latter case, load this package earlier.
)))
Package epstopdf-base Info: Redefining graphics rule for `.eps' on input line 4
38.
Package grfext Info: Graphics extension search list:
(grfext)             [.png,.pdf,.jpg,.mps,.jpeg,.jbig2,.jb2,.PNG,.PDF,.JPG,.JPE
G,.JBIG2,.JB2,.eps]
(grfext)             \AppendGraphicsExtensions on input line 456.
)
LaTeX Font Info:    External font `cmex10' loaded for size
(Font)              <12> on input line 33.
LaTeX Font Info:    External font `cmex10' loaded for size
(Font)              <8> on input line 33.
LaTeX Font Info:    External font `cmex10' loaded for size
(Font)              <6> on input line 33.
 [1

{C:/ProgramData/MiKTeX/2.9/pdftex/config/pdftex.map}] ("ANGELES - Thesis.toc"
LaTeX Font Info:    External font `cmex10' loaded for size
(Font)              <10.95> on input line 1.
 [3])
\tf@toc=\write3
\openout3 = `"ANGELES - Thesis.toc"'.


[4] [1] [2] [3] [4] [5] [6] [7] [8]
Missing character: There is no Ã in font cmr10!
Missing character: There is no º in font cmr10!
 [9]
Missing character: There is no Ã in font cmr10!
Missing character: There is no º in font cmr10!
 [10] [11] [12]
LaTeX Font Info:    Try loading font information for OMS+cmr on input line 188.


("C:\Program Files\MiKTeX 2.9\tex\latex\base\omscmr.fd"
File: omscmr.fd 2014/09/29 v2.5h Standard LaTeX font definitions
)
LaTeX Font Info:    Font shape `OMS/cmr/m/n' in size <10.95> not available
(Font)              Font shape `OMS/cmsy/m/n' tried instead on input line 188.
 [13] [14] [15]
[16] <mammogramMirror.png, id=69, 274.77657pt x 146.79843pt>
File: mammogramMirror.png Graphic file (type png)

<use mammogramMirror.png>
Package pdftex.def Info: mammogramMirror.png used on input line 263.
(pdftex.def)             Requested size: 274.77588pt x 146.79807pt.


LaTeX Warning: `h' float specifier changed to `ht'.

[17] <mammogramMassTypes.png, id=74, 389.95688pt x 108.405pt>
File: mammogramMassTypes.png Graphic file (type png)

<use mammogramMassTypes.png>
Package pdftex.def Info: mammogramMassTypes.png used on input line 272.
(pdftex.def)             Requested size: 311.96591pt x 86.7241pt.

<mammogramMargin.png, id=75, 389.95688pt x 105.39375pt>
File: mammogramMargin.png Graphic file (type png)

<use mammogramMargin.png>
Package pdftex.def Info: mammogramMargin.png used on input line 281.
(pdftex.def)             Requested size: 311.96591pt x 84.3151pt.
 [18 <./mammogramMirror.png> <./mammogramMassTypes.png> <./mammogramMargin.png>
]
<mammogramCalcificationTypes.png, id=82, 731.73375pt x 148.30406pt>
File: mammogramCalcificationTypes.png Graphic file (type png)

<use mammogramCalcificationTypes.png>
Package pdftex.def Info: mammogramCalcificationTypes.png used on input line 294
.
(pdftex.def)             Requested size: 439.04364pt x 88.98311pt.

Overfull \hbox (22.21075pt too wide) in paragraph at lines 294--295
 [][] 
 []

[19 <./mammogramCalcificationTypes.png>] [20] [21] [22]
<CNN.png, id=97, 376.40625pt x 152.06813pt>
File: CNN.png Graphic file (type png)
 <use CNN.png>
Package pdftex.def Info: CNN.png used on input line 352.
(pdftex.def)             Requested size: 376.40532pt x 152.06775pt.

<convolutionalLayer.jpeg, id=98, 465.74pt x 327.2225pt>
File: convolutionalLayer.jpeg Graphic file (type jpg)

<use convolutionalLayer.jpeg>
Package pdftex.def Info: convolutionalLayer.jpeg used on input line 361.
(pdftex.def)             Requested size: 232.86943pt x 163.61084pt.


LaTeX Warning: `h' float specifier changed to `ht'.

[23 <./CNN.png>] <poolingLayer.png, id=103, 233.37187pt x 206.27063pt>
File: poolingLayer.png Graphic file (type png)

<use poolingLayer.png>
Package pdftex.def Info: poolingLayer.png used on input line 370.
(pdftex.def)             Requested size: 186.69774pt x 165.01671pt.
 [24 <./convolutionalLayer.jpeg> <./poolingLayer.png>]
<resnet.png, id=108, 134.75343pt x 483.30562pt>
File: resnet.png Graphic file (type png)
 <use resnet.png>
Package pdftex.def Info: resnet.png used on input line 386.
(pdftex.def)             Requested size: 107.80289pt x 386.64502pt.


LaTeX Warning: `h' float specifier changed to `ht'.

[25] [26 <./resnet.png>]
<systemOverview.png, id=116, 740.7675pt x 595.22375pt>
File: systemOverview.png Graphic file (type png)

<use systemOverview.png>
Package pdftex.def Info: systemOverview.png used on input line 401.
(pdftex.def)             Requested size: 370.38284pt x 297.61115pt.
 [27

 <./systemOverview.png>]
<useCase.png, id=121, 593.21625pt x 330.23375pt>
File: useCase.png Graphic file (type png)
 <use useCase.png>
Package pdftex.def Info: useCase.png used on input line 414.
(pdftex.def)             Requested size: 474.57364pt x 264.18735pt.

Overfull \hbox (57.74075pt too wide) in paragraph at lines 414--415
 [][] 
 []

[28

 <./useCase.png>] <radiologist.png, id=127, 490.83376pt x 274.02374pt>
File: radiologist.png Graphic file (type png)

<use radiologist.png>
Package pdftex.def Info: radiologist.png used on input line 429.
(pdftex.def)             Requested size: 368.1244pt x 205.5173pt.
 [29

 <./radiologist.png>]
<medicalFieldStudent.png, id=132, 638.385pt x 462.72874pt>
File: medicalFieldStudent.png Graphic file (type png)

<use medicalFieldStudent.png>
Package pdftex.def Info: medicalFieldStudent.png used on input line 440.
(pdftex.def)             Requested size: 478.78757pt x 347.0457pt.

Overfull \hbox (61.95468pt too wide) in paragraph at lines 440--441
 [][] 
 []

[30

 <./medicalFieldStudent.png>] [31

]
<mammoHome.png, id=140, 982.42032pt x 509.65407pt>
File: mammoHome.png Graphic file (type png)
 <use mammoHome.png>
Package pdftex.def Info: mammoHome.png used on input line 475.
(pdftex.def)             Requested size: 392.96117pt x 203.858pt.

<uploadMammograms.png, id=141, 969.6225pt x 508.90125pt>
File: uploadMammograms.png Graphic file (type png)

<use uploadMammograms.png>
Package pdftex.def Info: uploadMammograms.png used on input line 487.
(pdftex.def)             Requested size: 387.84213pt x 203.55688pt.


LaTeX Warning: `h' float specifier changed to `ht'.

[32 <./mammoHome.png>] <editMammograms.png, id=146, 982.42032pt x 509.65407pt>
File: editMammograms.png Graphic file (type png)

<use editMammograms.png>
Package pdftex.def Info: editMammograms.png used on input line 497.
(pdftex.def)             Requested size: 392.96117pt x 203.858pt.
 [33 <./uploadMammograms.png> <./editMammograms.png>]
<mammoAnalysis1.png, id=152, 969.6225pt x 509.65407pt>
File: mammoAnalysis1.png Graphic file (type png)

<use mammoAnalysis1.png>
Package pdftex.def Info: mammoAnalysis1.png used on input line 509.
(pdftex.def)             Requested size: 387.84213pt x 203.858pt.

<mammoAnalysis2.png, id=153, 970.3753pt x 508.90125pt>
File: mammoAnalysis2.png Graphic file (type png)

<use mammoAnalysis2.png>
Package pdftex.def Info: mammoAnalysis2.png used on input line 516.
(pdftex.def)             Requested size: 388.14325pt x 203.55688pt.
 <mammogramPDF.png, id=154, 968.86969pt x 510.40688pt>
File: mammogramPDF.png Graphic file (type png)

<use mammogramPDF.png>
Package pdftex.def Info: mammogramPDF.png used on input line 525.
(pdftex.def)             Requested size: 387.54102pt x 204.15913pt.


LaTeX Warning: `h' float specifier changed to `ht'.

<mammogramExam.png, id=155, 970.3753pt x 508.14844pt>
File: mammogramExam.png Graphic file (type png)
 <use mammogramExam.png>
Package pdftex.def Info: mammogramExam.png used on input line 537.
(pdftex.def)             Requested size: 388.14325pt x 203.25577pt.


LaTeX Warning: `h' float specifier changed to `ht'.

<submitQuiz.png, id=156, 969.6225pt x 509.65407pt>
File: submitQuiz.png Graphic file (type png)
 <use submitQuiz.png>
Package pdftex.def Info: submitQuiz.png used on input line 547.
(pdftex.def)             Requested size: 387.84213pt x 203.858pt.

[34 <./mammoAnalysis1.png> <./mammoAnalysis2.png>]

LaTeX Warning: `h' float specifier changed to `ht'.

<quizResults.png, id=163, 968.11688pt x 508.90125pt>
File: quizResults.png Graphic file (type png)
 <use quizResults.png>
Package pdftex.def Info: quizResults.png used on input line 556.
(pdftex.def)             Requested size: 387.23988pt x 203.55688pt.


LaTeX Warning: `h' float specifier changed to `ht'.

("ANGELES - Thesis.bbl" [35 <./mammogramPDF.png> <./mammogramExam.png>]
Underfull \hbox (badness 6332) in paragraph at lines 19--22
[]\OT1/cmr/m/n/10.95 Radiologyinfo.org, ``Mam-mog-ra-phy,'' 2017.  Avail-able a
t $\OT1/cmtt/m/n/10.95 https : / / www .
 []

[36 <./submitQuiz.png> <./quizResults.png>]
Underfull \hbox (badness 10000) in paragraph at lines 24--27
[]\OT1/cmr/m/n/10.95 Breast can-cer care, ``Breast cal-ci-fi-ca-tions,'' 2016. 
 Avail-able at
 []


Underfull \hbox (badness 10000) in paragraph at lines 24--27
\OT1/cmtt/m/n/10.95 https : / / www . breastcancercare . org . uk / information
-[]support /
 []


Underfull \hbox (badness 10000) in paragraph at lines 24--27
\OT1/cmtt/m/n/10.95 have-[]i-[]got-[]breast-[]cancer / benign-[]breast-[]condit
ions /
 []


Underfull \hbox (badness 10000) in paragraph at lines 29--32
[]\OT1/cmr/m/n/10.95 Breastcancer.org, ``Treat-ment & side ef-fects,'' 2017.  A
vail-
 []


Underfull \hbox (badness 10000) in paragraph at lines 29--32
\OT1/cmr/m/n/10.95 able at $\OT1/cmtt/m/n/10.95 http : / / www . breastcancer .
 org / treatment ? gclid =
 []


Underfull \hbox (badness 1275) in paragraph at lines 44--48
[]\OT1/cmr/m/n/10.95 M. Vardeleon, ``Philip-pines has high-est preva-lence of b
reast can-cer among
 []


Underfull \hbox (badness 10000) in paragraph at lines 44--48
\OT1/cmr/m/n/10.95 197 coun-tries,'' 2017.  Avail-able at $\OT1/cmtt/m/n/10.95 
http : / / www . manilatimes . net /
 []


Underfull \hbox (badness 10000) in paragraph at lines 44--48
\OT1/cmtt/m/n/10.95 philippines-[]highest-[]prevalence-[]breast-[]cancer-[]amon
g-[]197-[]countries /
 []


Underfull \hbox (badness 2662) in paragraph at lines 50--54
[]\OT1/cmr/m/n/10.95 Philippine Daily In-quirer, ``In-ci-dence of breast can-ce
r ris-ing in ph, say
 []


Underfull \hbox (badness 8094) in paragraph at lines 50--54
\OT1/cmr/m/n/10.95 ex-perts,'' 2017.  Avail-able at $\OT1/cmtt/m/n/10.95 http :
 / / newsinfo . inquirer . net / 942804 /
 []


Overfull \hbox (213.08067pt too wide) in paragraph at lines 50--54
\OT1/cmtt/m/n/10.95 philippine-[]news-[]updates-[]breast-[]cancer-[]dr-[]christ
ina-[]galvez-[]philippine-[]breast-[]cancer-[]society-[]bibeth-[]orteza$\OT1/cm
r/m/n/10.95 . 
 []


Underfull \hbox (badness 6016) in paragraph at lines 56--60
[]\OT1/cmr/m/n/10.95 C. D. Mang-wang, ``Can-cer costs south-east asia so-cially
 and eco-nom-
 []


Underfull \hbox (badness 10000) in paragraph at lines 56--60
\OT1/cmr/m/n/10.95 i-cally,'' 2015.  Avail-able at $\OT1/cmtt/m/n/10.95 http : 
/ / business . inquirer . net / 198982 /
 []


Underfull \hbox (badness 10000) in paragraph at lines 62--66
[]\OT1/cmr/m/n/10.95 J. Ma-hanta, ``In-tro-duc-tion to neu-ral net-works, ad-va
n-tages and ap-
 []


Underfull \hbox (badness 10000) in paragraph at lines 62--66
\OT1/cmr/m/n/10.95 pli-ca-tions,'' 2017.  Avail-able at $\OT1/cmtt/m/n/10.95 ht
tps : / / towardsdatascience . com /
 []


Overfull \hbox (26.12267pt too wide) in paragraph at lines 62--66
\OT1/cmtt/m/n/10.95 introduction-[]to-[]neural-[]networks-[]advantages-[]and-[]
applications-[]96851bd1a207$\OT1/cmr/m/n/10.95 . 
 []

[37] [38]
Missing character: There is no Ã in font cmr10!
Missing character: There is no º in font cmr10!
Missing character: There is no Ã in font cmr10!
Missing character: There is no ³ in font cmr10!

Underfull \hbox (badness 2351) in paragraph at lines 147--151
[]\OT1/cmr/m/n/10.95 S. Weng, ``Au-tomat-ing breast can-cer de-tec-tion with de
ep learn-ing,'' \OT1/cmr/m/it/10.95 IN-
 []


Underfull \hbox (badness 10000) in paragraph at lines 147--151
\OT1/cmr/m/it/10.95 SIGHT\OT1/cmr/m/n/10.95 , 2017.  Avail-able at $\OT1/cmtt/m
/n/10.95 https : / / blog . insightdatascience . com /
 []


Underfull \hbox (badness 10000) in paragraph at lines 153--156
[]\OT1/cmr/m/n/10.95 The Amer-i-can Can-cer So-ci-ety, ``Types of breast can-ce
r,'' 2017.
 []


Underfull \hbox (badness 10000) in paragraph at lines 153--156
\OT1/cmr/m/n/10.95 Avail-able at $\OT1/cmtt/m/n/10.95 https : / / www . cancer 
. org / cancer / breast-[]cancer /
 []

Missing character: There is no â in font cmr10!
Missing character: There is no € in font cmr10!
Missing character: There is no ” in font cmr10!

Underfull \hbox (badness 3872) in paragraph at lines 162--166
[]\OT1/cmr/m/n/10.95 The Amer-i-can Can-cer So-ci-ety, ``Treat-ment of duc-tal 
car-ci-noma in situ
 []

Missing character: There is no â in font cmr10!
Missing character: There is no € in font cmr10!
Missing character: There is no ” in font cmr10!
Missing character: There is no â in font cmr10!
Missing character: There is no € in font cmr10!
Missing character: There is no ” in font cmr10!
[39]
Underfull \hbox (badness 10000) in paragraph at lines 176--179
\OT1/cmr/m/n/10.95 Avail-able at $\OT1/cmtt/m/n/10.95 https : / / www . cancer 
. org / cancer / breast-[]cancer / about /
 []


Underfull \hbox (badness 10000) in paragraph at lines 181--184
[]\OT1/cmr/m/n/10.95 The Amer-i-can Can-cer So-ci-ety, ``Breast can-cer sur-viv
al
 []


Underfull \hbox (badness 10000) in paragraph at lines 181--184
\OT1/cmr/m/n/10.95 rates,'' 2017.  Avail-able at $\OT1/cmtt/m/n/10.95 https : /
 / www . cancer . org / cancer /
 []


Underfull \hbox (badness 10000) in paragraph at lines 181--184
\OT1/cmtt/m/n/10.95 breast-[]cancer / understanding-[]a-[]breast-[]cancer-[]dia
gnosis /
 []


Underfull \hbox (badness 10000) in paragraph at lines 196--199
\OT1/cmtt/m/n/10.95 cancer . org / cancer / breast-[]cancer / screening-[]tests
-[]and-[]early-[]detection /
 []


Underfull \hbox (badness 2368) in paragraph at lines 215--218
[]\OT1/cmr/m/n/10.95 J. Heron, ``Breast masses,'' 2009.  Avail-able at $\OT1/cm
tt/m/n/10.95 https : / / oncoprof . net /
 []

[40]
Underfull \hbox (badness 1137) in paragraph at lines 230--233
[]\OT1/cmr/m/n/10.95 J. Heron, ``Ir-reg-u-lar masses,'' 2009.  Avail-able at $\
OT1/cmtt/m/n/10.95 https : / / oncoprof . net /
 []


Underfull \hbox (badness 10000) in paragraph at lines 250--253
[]\OT1/cmr/m/n/10.95 D. Fumo, ``Types of ma-chine learn-ing al-go-rithms you sh
ould
 []


Underfull \hbox (badness 10000) in paragraph at lines 250--253
\OT1/cmr/m/n/10.95 know,'' 2017.  Avail-able at $\OT1/cmtt/m/n/10.95 https : / 
/ towardsdatascience . com /
 []


Underfull \hbox (badness 3884) in paragraph at lines 255--258
[]\OT1/cmr/m/n/10.95 V. Maini, ``Ma-chine learn-ing for hu-mans, part 2.1: Su-p
er-vised learn-
 []


Underfull \hbox (badness 10000) in paragraph at lines 265--268
[]\OT1/cmr/m/n/10.95 O. Maslovska, ``Deep learn-ing: Def-i-ni-tion, ben-e-fits,
 and chal-
 []


Underfull \hbox (badness 10000) in paragraph at lines 265--268
\OT1/cmr/m/n/10.95 lenges,'' 2017.  Avail-able at $\OT1/cmtt/m/n/10.95 https : 
/ / stfalcon . com / en / blog / post /
 []


Underfull \hbox (badness 1755) in paragraph at lines 277--281
[]\OT1/cmr/m/n/10.95 W. Rawat and Z. Wang, ``Deep con-vo-lu-tional neu-ral net-
works for im-age
 []

[41]) [42] ("ANGELES - Thesis.aux")

LaTeX Warning: Label(s) may have changed. Rerun to get cross-references right.

 ) 
Here is how much of TeX's memory you used:
 4501 strings out of 493323
 64663 string characters out of 3139069
 142992 words of memory out of 3000000
 7957 multiletter control sequences out of 15000+200000
 9325 words of font info for 33 fonts, out of 3000000 for 9000
 1141 hyphenation exceptions out of 8191
 41i,7n,35p,2037b,296s stack positions out of 5000i,500n,10000p,200000b,50000s
<C:/Program Files/MiKTeX 2.9/fonts/type1/public/amsfonts/cm/cmbx10.pfb><C:/Pr
ogram Files/MiKTeX 2.9/fonts/type1/public/amsfonts/cm/cmbx12.pfb><C:/Program Fi
les/MiKTeX 2.9/fonts/type1/public/amsfonts/cm/cmr10.pfb><C:/Program Files/MiKTe
X 2.9/fonts/type1/public/amsfonts/cm/cmr12.pfb><C:/Program Files/MiKTeX 2.9/fon
ts/type1/public/amsfonts/cm/cmr17.pfb><C:/Program Files/MiKTeX 2.9/fonts/type1/
public/amsfonts/cm/cmsy10.pfb><C:/Program Files/MiKTeX 2.9/fonts/type1/public/a
msfonts/cm/cmti10.pfb><C:/Program Files/MiKTeX 2.9/fonts/type1/public/amsfonts/
cm/cmtt10.pfb>
Output written on "ANGELES - Thesis.pdf" (45 pages, 1821896 bytes).
PDF statistics:
 222 PDF objects out of 1000 (max. 8388607)
 0 named destinations out of 1000 (max. 500000)
 106 words of extra memory for PDF output out of 10000 (max. 10000000)

